{
"contracts\\SimpleAMM.sol":{"l":{"82":46,"83":2,"85":44,"86":1,"89":43,"90":43,"99":2,"105":12,"118":13,"119":12,"121":10,"132":34,"133":3,"136":31,"137":1,"139":30,"140":1,"143":29,"146":29,"147":25,"151":4,"157":29,"158":1,"161":28,"162":28,"164":28,"165":28,"167":28,"173":7,"174":1,"176":6,"177":1,"180":5,"181":5,"183":5,"184":5,"186":5,"187":5,"189":5,"190":1,"192":4,"193":1,"196":3,"208":10,"209":1,"211":9,"212":1,"215":8,"216":8,"217":8,"218":1,"221":7,"222":7,"224":7,"225":7,"227":7,"228":1,"231":6,"233":6,"234":1,"236":5,"237":1,"240":4,"241":1,"244":3,"245":2,"246":2,"248":1,"249":1,"252":3,"267":7,"272":31,"273":24,"274":24,"275":24,"276":1716,"277":1716,"280":6},"path":"C:\\Users\\adity\\Desktop\\INFO7500\\automated-market-maker\\contracts\\SimpleAMM.sol","s":{"1":46,"2":44,"3":2,"4":12,"5":13,"6":12,"7":34,"8":31,"9":30,"10":29,"11":29,"12":29,"13":28,"14":7,"15":6,"16":5,"17":5,"18":5,"19":4,"20":3,"21":10,"22":9,"23":8,"24":8,"25":8,"26":7,"27":7,"28":7,"29":7,"30":7,"31":6,"32":6,"33":5,"34":4,"35":3,"36":3,"37":7,"38":31,"39":24,"40":24,"41":7},"b":{"1":[2,44],"2":[1,1],"3":[1,43],"4":[1,12],"5":[2,10],"6":[1,1],"7":[3,31],"8":[2,1],"9":[1,30],"10":[1,29],"11":[25,4],"12":[1,28],"13":[1,6],"14":[1,5],"15":[1,4],"16":[1,3],"17":[1,9],"18":[1,8],"19":[1,7],"20":[6,1],"21":[6,1],"22":[6,1],"23":[6,1],"24":[1,6],"25":[1,5],"26":[1,4],"27":[1,3],"28":[2,1],"29":[3,4],"30":[24,7],"31":[6,1]},"f":{"1":46,"2":2,"3":12,"4":13,"5":34,"6":7,"7":10,"8":7,"9":31},"fnMap":{"1":{"name":"constructor","line":81,"loc":{"start":{"line":81,"column":4},"end":{"line":91,"column":4}}},"2":{"name":"getReserves","line":98,"loc":{"start":{"line":98,"column":4},"end":{"line":100,"column":4}}},"3":{"name":"getLiquidity","line":104,"loc":{"start":{"line":104,"column":4},"end":{"line":106,"column":4}}},"4":{"name":"getAmountOut","line":113,"loc":{"start":{"line":113,"column":4},"end":{"line":122,"column":4}}},"5":{"name":"deposit","line":131,"loc":{"start":{"line":131,"column":4},"end":{"line":168,"column":4}}},"6":{"name":"redeem","line":172,"loc":{"start":{"line":172,"column":4},"end":{"line":197,"column":4}}},"7":{"name":"swap","line":203,"loc":{"start":{"line":203,"column":4},"end":{"line":259,"column":4}}},"8":{"name":"_min","line":266,"loc":{"start":{"line":266,"column":4},"end":{"line":268,"column":4}}},"9":{"name":"_sqrt","line":271,"loc":{"start":{"line":271,"column":4},"end":{"line":282,"column":4}}}},"statementMap":{"1":{"start":{"line":82,"column":8},"end":{"line":82,"column":2837}},"2":{"start":{"line":85,"column":8},"end":{"line":85,"column":2954}},"3":{"start":{"line":99,"column":8},"end":{"line":99,"column":35}},"4":{"start":{"line":105,"column":8},"end":{"line":105,"column":41}},"5":{"start":{"line":118,"column":8},"end":{"line":118,"column":46}},"6":{"start":{"line":119,"column":8},"end":{"line":119,"column":77}},"7":{"start":{"line":132,"column":8},"end":{"line":132,"column":4888}},"8":{"start":{"line":136,"column":8},"end":{"line":136,"column":4980}},"9":{"start":{"line":139,"column":8},"end":{"line":139,"column":5102}},"10":{"start":{"line":143,"column":8},"end":{"line":143,"column":31}},"11":{"start":{"line":146,"column":8},"end":{"line":146,"column":5339}},"12":{"start":{"line":157,"column":8},"end":{"line":157,"column":5789}},"13":{"start":{"line":167,"column":8},"end":{"line":167,"column":78}},"14":{"start":{"line":173,"column":8},"end":{"line":173,"column":6343}},"15":{"start":{"line":176,"column":8},"end":{"line":176,"column":6419}},"16":{"start":{"line":180,"column":8},"end":{"line":180,"column":65}},"17":{"start":{"line":181,"column":8},"end":{"line":181,"column":65}},"18":{"start":{"line":189,"column":8},"end":{"line":189,"column":6826}},"19":{"start":{"line":192,"column":8},"end":{"line":192,"column":6929}},"20":{"start":{"line":196,"column":8},"end":{"line":196,"column":71}},"21":{"start":{"line":208,"column":8},"end":{"line":208,"column":7525}},"22":{"start":{"line":211,"column":8},"end":{"line":211,"column":7600}},"23":{"start":{"line":215,"column":8},"end":{"line":215,"column":50}},"24":{"start":{"line":216,"column":8},"end":{"line":216,"column":50}},"25":{"start":{"line":217,"column":8},"end":{"line":217,"column":7800}},"26":{"start":{"line":221,"column":8},"end":{"line":221,"column":54}},"27":{"start":{"line":222,"column":8},"end":{"line":222,"column":55}},"28":{"start":{"line":224,"column":8},"end":{"line":224,"column":58}},"29":{"start":{"line":225,"column":8},"end":{"line":225,"column":59}},"30":{"start":{"line":227,"column":8},"end":{"line":227,"column":8134}},"31":{"start":{"line":231,"column":8},"end":{"line":231,"column":73}},"32":{"start":{"line":233,"column":8},"end":{"line":233,"column":8341}},"33":{"start":{"line":236,"column":8},"end":{"line":236,"column":8428}},"34":{"start":{"line":240,"column":8},"end":{"line":240,"column":8530}},"35":{"start":{"line":244,"column":8},"end":{"line":244,"column":8642}},"36":{"start":{"line":252,"column":8},"end":{"line":252,"column":8887}},"37":{"start":{"line":267,"column":8},"end":{"line":267,"column":28}},"38":{"start":{"line":272,"column":8},"end":{"line":272,"column":9566}},"39":{"start":{"line":274,"column":12},"end":{"line":274,"column":33}},"40":{"start":{"line":275,"column":12},"end":{"line":275,"column":9652}},"41":{"start":{"line":279,"column":15},"end":{"line":279,"column":9757}}},"branchMap":{"1":{"line":82,"type":"if","locations":[{"start":{"line":82,"column":8},"end":{"line":82,"column":8}},{"start":{"line":82,"column":8},"end":{"line":82,"column":8}}]},"2":{"line":82,"type":"cond-expr","locations":[{"start":{"line":82,"column":12},"end":{"line":82,"column":32}},{"start":{"line":82,"column":37},"end":{"line":82,"column":57}}]},"3":{"line":85,"type":"if","locations":[{"start":{"line":85,"column":8},"end":{"line":85,"column":8}},{"start":{"line":85,"column":8},"end":{"line":85,"column":8}}]},"4":{"line":118,"type":"if","locations":[{"start":{"line":118,"column":8},"end":{"line":118,"column":8}},{"start":{"line":118,"column":8},"end":{"line":118,"column":8}}]},"5":{"line":119,"type":"if","locations":[{"start":{"line":119,"column":8},"end":{"line":119,"column":8}},{"start":{"line":119,"column":8},"end":{"line":119,"column":8}}]},"6":{"line":119,"type":"cond-expr","locations":[{"start":{"line":119,"column":12},"end":{"line":119,"column":25}},{"start":{"line":119,"column":30},"end":{"line":119,"column":44}}]},"7":{"line":132,"type":"if","locations":[{"start":{"line":132,"column":8},"end":{"line":132,"column":8}},{"start":{"line":132,"column":8},"end":{"line":132,"column":8}}]},"8":{"line":132,"type":"cond-expr","locations":[{"start":{"line":132,"column":12},"end":{"line":132,"column":23}},{"start":{"line":132,"column":28},"end":{"line":132,"column":39}}]},"9":{"line":136,"type":"if","locations":[{"start":{"line":136,"column":8},"end":{"line":136,"column":8}},{"start":{"line":136,"column":8},"end":{"line":136,"column":8}}]},"10":{"line":139,"type":"if","locations":[{"start":{"line":139,"column":8},"end":{"line":139,"column":8}},{"start":{"line":139,"column":8},"end":{"line":139,"column":8}}]},"11":{"line":146,"type":"if","locations":[{"start":{"line":146,"column":8},"end":{"line":146,"column":8}},{"start":{"line":146,"column":8},"end":{"line":146,"column":8}}]},"12":{"line":157,"type":"if","locations":[{"start":{"line":157,"column":8},"end":{"line":157,"column":8}},{"start":{"line":157,"column":8},"end":{"line":157,"column":8}}]},"13":{"line":173,"type":"if","locations":[{"start":{"line":173,"column":8},"end":{"line":173,"column":8}},{"start":{"line":173,"column":8},"end":{"line":173,"column":8}}]},"14":{"line":176,"type":"if","locations":[{"start":{"line":176,"column":8},"end":{"line":176,"column":8}},{"start":{"line":176,"column":8},"end":{"line":176,"column":8}}]},"15":{"line":189,"type":"if","locations":[{"start":{"line":189,"column":8},"end":{"line":189,"column":8}},{"start":{"line":189,"column":8},"end":{"line":189,"column":8}}]},"16":{"line":192,"type":"if","locations":[{"start":{"line":192,"column":8},"end":{"line":192,"column":8}},{"start":{"line":192,"column":8},"end":{"line":192,"column":8}}]},"17":{"line":208,"type":"if","locations":[{"start":{"line":208,"column":8},"end":{"line":208,"column":8}},{"start":{"line":208,"column":8},"end":{"line":208,"column":8}}]},"18":{"line":211,"type":"if","locations":[{"start":{"line":211,"column":8},"end":{"line":211,"column":8}},{"start":{"line":211,"column":8},"end":{"line":211,"column":8}}]},"19":{"line":217,"type":"if","locations":[{"start":{"line":217,"column":8},"end":{"line":217,"column":8}},{"start":{"line":217,"column":8},"end":{"line":217,"column":8}}]},"20":{"line":221,"type":"if","locations":[{"start":{"line":221,"column":39},"end":{"line":221,"column":44}},{"start":{"line":221,"column":48},"end":{"line":221,"column":53}}]},"21":{"line":222,"type":"if","locations":[{"start":{"line":222,"column":40},"end":{"line":222,"column":45}},{"start":{"line":222,"column":49},"end":{"line":222,"column":54}}]},"22":{"line":224,"type":"if","locations":[{"start":{"line":224,"column":39},"end":{"line":224,"column":46}},{"start":{"line":224,"column":50},"end":{"line":224,"column":57}}]},"23":{"line":225,"type":"if","locations":[{"start":{"line":225,"column":40},"end":{"line":225,"column":47}},{"start":{"line":225,"column":51},"end":{"line":225,"column":58}}]},"24":{"line":227,"type":"if","locations":[{"start":{"line":227,"column":8},"end":{"line":227,"column":8}},{"start":{"line":227,"column":8},"end":{"line":227,"column":8}}]},"25":{"line":233,"type":"if","locations":[{"start":{"line":233,"column":8},"end":{"line":233,"column":8}},{"start":{"line":233,"column":8},"end":{"line":233,"column":8}}]},"26":{"line":236,"type":"if","locations":[{"start":{"line":236,"column":8},"end":{"line":236,"column":8}},{"start":{"line":236,"column":8},"end":{"line":236,"column":8}}]},"27":{"line":240,"type":"if","locations":[{"start":{"line":240,"column":8},"end":{"line":240,"column":8}},{"start":{"line":240,"column":8},"end":{"line":240,"column":8}}]},"28":{"line":244,"type":"if","locations":[{"start":{"line":244,"column":8},"end":{"line":244,"column":8}},{"start":{"line":244,"column":8},"end":{"line":244,"column":8}}]},"29":{"line":267,"type":"if","locations":[{"start":{"line":267,"column":23},"end":{"line":267,"column":23}},{"start":{"line":267,"column":27},"end":{"line":267,"column":27}}]},"30":{"line":272,"type":"if","locations":[{"start":{"line":272,"column":8},"end":{"line":272,"column":8}},{"start":{"line":272,"column":8},"end":{"line":272,"column":8}}]},"31":{"line":279,"type":"if","locations":[{"start":{"line":279,"column":15},"end":{"line":279,"column":15}},{"start":{"line":279,"column":15},"end":{"line":279,"column":15}}]}}}}
