{
"contracts\\SimpleAMM.sol":{"l":{"96":58,"97":4,"99":54,"100":2,"103":52,"104":52,"113":2,"119":13,"138":2,"157":3,"158":3,"159":1,"162":2,"163":2,"180":18,"181":17,"183":15,"194":39,"195":3,"198":36,"199":1,"201":35,"202":1,"205":34,"208":34,"209":30,"213":4,"219":34,"220":1,"223":33,"224":33,"226":33,"227":33,"229":33,"237":33,"243":7,"244":1,"246":6,"247":1,"250":5,"251":5,"253":5,"254":5,"256":5,"257":5,"259":5,"260":1,"262":4,"263":1,"266":3,"274":3,"286":11,"287":1,"289":10,"290":1,"293":9,"294":9,"295":9,"296":1,"299":8,"300":8,"302":8,"303":8,"305":8,"306":1,"309":7,"311":7,"312":1,"314":6,"315":1,"318":5,"319":1,"322":4,"323":3,"324":3,"326":3,"337":1,"338":1,"340":1,"352":4,"361":7,"366":36,"367":29,"368":29,"369":29,"370":2091,"371":2091,"374":6},"path":"C:\\Users\\adity\\Desktop\\INFO7500\\automated-market-maker\\contracts\\SimpleAMM.sol","s":{"1":58,"2":54,"3":2,"4":13,"5":2,"6":3,"7":3,"8":18,"9":17,"10":39,"11":36,"12":35,"13":34,"14":34,"15":34,"16":33,"17":33,"18":7,"19":6,"20":5,"21":5,"22":5,"23":4,"24":3,"25":3,"26":11,"27":10,"28":9,"29":9,"30":9,"31":8,"32":8,"33":8,"34":8,"35":8,"36":7,"37":7,"38":6,"39":5,"40":4,"41":3,"42":1,"43":4,"44":7,"45":36,"46":29,"47":29,"48":7},"b":{"1":[4,54],"2":[2,2],"3":[2,52],"4":[1,2],"5":[1,1],"6":[1,17],"7":[2,15],"8":[1,1],"9":[3,36],"10":[2,1],"11":[1,35],"12":[1,34],"13":[30,4],"14":[1,33],"15":[1,6],"16":[1,5],"17":[1,4],"18":[1,3],"19":[1,10],"20":[1,9],"21":[1,8],"22":[7,1],"23":[7,1],"24":[7,1],"25":[7,1],"26":[1,7],"27":[1,6],"28":[1,5],"29":[1,4],"30":[3,1],"31":[3,4],"32":[29,7],"33":[6,1]},"f":{"1":58,"2":2,"3":13,"4":2,"5":3,"6":18,"7":39,"8":7,"9":11,"10":7,"11":36},"fnMap":{"1":{"name":"constructor","line":95,"loc":{"start":{"line":95,"column":4},"end":{"line":105,"column":4}}},"2":{"name":"getReserves","line":112,"loc":{"start":{"line":112,"column":4},"end":{"line":114,"column":4}}},"3":{"name":"getLiquidity","line":118,"loc":{"start":{"line":118,"column":4},"end":{"line":120,"column":4}}},"4":{"name":"poolState","line":124,"loc":{"start":{"line":124,"column":4},"end":{"line":146,"column":4}}},"5":{"name":"quoteSwap","line":153,"loc":{"start":{"line":153,"column":4},"end":{"line":168,"column":4}}},"6":{"name":"getAmountOut","line":175,"loc":{"start":{"line":175,"column":4},"end":{"line":184,"column":4}}},"7":{"name":"deposit","line":193,"loc":{"start":{"line":193,"column":4},"end":{"line":238,"column":4}}},"8":{"name":"redeem","line":242,"loc":{"start":{"line":242,"column":4},"end":{"line":275,"column":4}}},"9":{"name":"swap","line":281,"loc":{"start":{"line":281,"column":4},"end":{"line":353,"column":4}}},"10":{"name":"_min","line":360,"loc":{"start":{"line":360,"column":4},"end":{"line":362,"column":4}}},"11":{"name":"_sqrt","line":365,"loc":{"start":{"line":365,"column":4},"end":{"line":376,"column":4}}}},"statementMap":{"1":{"start":{"line":96,"column":8},"end":{"line":96,"column":3528}},"2":{"start":{"line":99,"column":8},"end":{"line":99,"column":3645}},"3":{"start":{"line":113,"column":8},"end":{"line":113,"column":35}},"4":{"start":{"line":119,"column":8},"end":{"line":119,"column":41}},"5":{"start":{"line":138,"column":8},"end":{"line":138,"column":4955}},"6":{"start":{"line":157,"column":8},"end":{"line":157,"column":50}},"7":{"start":{"line":158,"column":8},"end":{"line":158,"column":5694}},"8":{"start":{"line":180,"column":8},"end":{"line":180,"column":46}},"9":{"start":{"line":181,"column":8},"end":{"line":181,"column":77}},"10":{"start":{"line":194,"column":8},"end":{"line":194,"column":7179}},"11":{"start":{"line":198,"column":8},"end":{"line":198,"column":7271}},"12":{"start":{"line":201,"column":8},"end":{"line":201,"column":7393}},"13":{"start":{"line":205,"column":8},"end":{"line":205,"column":31}},"14":{"start":{"line":208,"column":8},"end":{"line":208,"column":7630}},"15":{"start":{"line":219,"column":8},"end":{"line":219,"column":8080}},"16":{"start":{"line":229,"column":8},"end":{"line":229,"column":8342}},"17":{"start":{"line":237,"column":8},"end":{"line":237,"column":37}},"18":{"start":{"line":243,"column":8},"end":{"line":243,"column":8783}},"19":{"start":{"line":246,"column":8},"end":{"line":246,"column":8859}},"20":{"start":{"line":250,"column":8},"end":{"line":250,"column":65}},"21":{"start":{"line":251,"column":8},"end":{"line":251,"column":65}},"22":{"start":{"line":259,"column":8},"end":{"line":259,"column":9266}},"23":{"start":{"line":262,"column":8},"end":{"line":262,"column":9369}},"24":{"start":{"line":266,"column":8},"end":{"line":266,"column":9475}},"25":{"start":{"line":274,"column":8},"end":{"line":274,"column":37}},"26":{"start":{"line":286,"column":8},"end":{"line":286,"column":10114}},"27":{"start":{"line":289,"column":8},"end":{"line":289,"column":10189}},"28":{"start":{"line":293,"column":8},"end":{"line":293,"column":50}},"29":{"start":{"line":294,"column":8},"end":{"line":294,"column":50}},"30":{"start":{"line":295,"column":8},"end":{"line":295,"column":10389}},"31":{"start":{"line":299,"column":8},"end":{"line":299,"column":54}},"32":{"start":{"line":300,"column":8},"end":{"line":300,"column":55}},"33":{"start":{"line":302,"column":8},"end":{"line":302,"column":58}},"34":{"start":{"line":303,"column":8},"end":{"line":303,"column":59}},"35":{"start":{"line":305,"column":8},"end":{"line":305,"column":10723}},"36":{"start":{"line":309,"column":8},"end":{"line":309,"column":73}},"37":{"start":{"line":311,"column":8},"end":{"line":311,"column":10930}},"38":{"start":{"line":314,"column":8},"end":{"line":314,"column":11017}},"39":{"start":{"line":318,"column":8},"end":{"line":318,"column":11119}},"40":{"start":{"line":322,"column":8},"end":{"line":322,"column":11231}},"41":{"start":{"line":326,"column":12},"end":{"line":326,"column":11361}},"42":{"start":{"line":340,"column":12},"end":{"line":340,"column":11721}},"43":{"start":{"line":352,"column":8},"end":{"line":352,"column":37}},"44":{"start":{"line":361,"column":8},"end":{"line":361,"column":28}},"45":{"start":{"line":366,"column":8},"end":{"line":366,"column":12522}},"46":{"start":{"line":368,"column":12},"end":{"line":368,"column":33}},"47":{"start":{"line":369,"column":12},"end":{"line":369,"column":12608}},"48":{"start":{"line":373,"column":15},"end":{"line":373,"column":12713}}},"branchMap":{"1":{"line":96,"type":"if","locations":[{"start":{"line":96,"column":8},"end":{"line":96,"column":8}},{"start":{"line":96,"column":8},"end":{"line":96,"column":8}}]},"2":{"line":96,"type":"cond-expr","locations":[{"start":{"line":96,"column":12},"end":{"line":96,"column":32}},{"start":{"line":96,"column":37},"end":{"line":96,"column":57}}]},"3":{"line":99,"type":"if","locations":[{"start":{"line":99,"column":8},"end":{"line":99,"column":8}},{"start":{"line":99,"column":8},"end":{"line":99,"column":8}}]},"4":{"line":158,"type":"if","locations":[{"start":{"line":158,"column":8},"end":{"line":158,"column":8}},{"start":{"line":158,"column":8},"end":{"line":158,"column":8}}]},"5":{"line":162,"type":"if","locations":[{"start":{"line":162,"column":30},"end":{"line":162,"column":44}},{"start":{"line":162,"column":48},"end":{"line":162,"column":62}}]},"6":{"line":180,"type":"if","locations":[{"start":{"line":180,"column":8},"end":{"line":180,"column":8}},{"start":{"line":180,"column":8},"end":{"line":180,"column":8}}]},"7":{"line":181,"type":"if","locations":[{"start":{"line":181,"column":8},"end":{"line":181,"column":8}},{"start":{"line":181,"column":8},"end":{"line":181,"column":8}}]},"8":{"line":181,"type":"cond-expr","locations":[{"start":{"line":181,"column":12},"end":{"line":181,"column":25}},{"start":{"line":181,"column":30},"end":{"line":181,"column":44}}]},"9":{"line":194,"type":"if","locations":[{"start":{"line":194,"column":8},"end":{"line":194,"column":8}},{"start":{"line":194,"column":8},"end":{"line":194,"column":8}}]},"10":{"line":194,"type":"cond-expr","locations":[{"start":{"line":194,"column":12},"end":{"line":194,"column":23}},{"start":{"line":194,"column":28},"end":{"line":194,"column":39}}]},"11":{"line":198,"type":"if","locations":[{"start":{"line":198,"column":8},"end":{"line":198,"column":8}},{"start":{"line":198,"column":8},"end":{"line":198,"column":8}}]},"12":{"line":201,"type":"if","locations":[{"start":{"line":201,"column":8},"end":{"line":201,"column":8}},{"start":{"line":201,"column":8},"end":{"line":201,"column":8}}]},"13":{"line":208,"type":"if","locations":[{"start":{"line":208,"column":8},"end":{"line":208,"column":8}},{"start":{"line":208,"column":8},"end":{"line":208,"column":8}}]},"14":{"line":219,"type":"if","locations":[{"start":{"line":219,"column":8},"end":{"line":219,"column":8}},{"start":{"line":219,"column":8},"end":{"line":219,"column":8}}]},"15":{"line":243,"type":"if","locations":[{"start":{"line":243,"column":8},"end":{"line":243,"column":8}},{"start":{"line":243,"column":8},"end":{"line":243,"column":8}}]},"16":{"line":246,"type":"if","locations":[{"start":{"line":246,"column":8},"end":{"line":246,"column":8}},{"start":{"line":246,"column":8},"end":{"line":246,"column":8}}]},"17":{"line":259,"type":"if","locations":[{"start":{"line":259,"column":8},"end":{"line":259,"column":8}},{"start":{"line":259,"column":8},"end":{"line":259,"column":8}}]},"18":{"line":262,"type":"if","locations":[{"start":{"line":262,"column":8},"end":{"line":262,"column":8}},{"start":{"line":262,"column":8},"end":{"line":262,"column":8}}]},"19":{"line":286,"type":"if","locations":[{"start":{"line":286,"column":8},"end":{"line":286,"column":8}},{"start":{"line":286,"column":8},"end":{"line":286,"column":8}}]},"20":{"line":289,"type":"if","locations":[{"start":{"line":289,"column":8},"end":{"line":289,"column":8}},{"start":{"line":289,"column":8},"end":{"line":289,"column":8}}]},"21":{"line":295,"type":"if","locations":[{"start":{"line":295,"column":8},"end":{"line":295,"column":8}},{"start":{"line":295,"column":8},"end":{"line":295,"column":8}}]},"22":{"line":299,"type":"if","locations":[{"start":{"line":299,"column":39},"end":{"line":299,"column":44}},{"start":{"line":299,"column":48},"end":{"line":299,"column":53}}]},"23":{"line":300,"type":"if","locations":[{"start":{"line":300,"column":40},"end":{"line":300,"column":45}},{"start":{"line":300,"column":49},"end":{"line":300,"column":54}}]},"24":{"line":302,"type":"if","locations":[{"start":{"line":302,"column":39},"end":{"line":302,"column":46}},{"start":{"line":302,"column":50},"end":{"line":302,"column":57}}]},"25":{"line":303,"type":"if","locations":[{"start":{"line":303,"column":40},"end":{"line":303,"column":47}},{"start":{"line":303,"column":51},"end":{"line":303,"column":58}}]},"26":{"line":305,"type":"if","locations":[{"start":{"line":305,"column":8},"end":{"line":305,"column":8}},{"start":{"line":305,"column":8},"end":{"line":305,"column":8}}]},"27":{"line":311,"type":"if","locations":[{"start":{"line":311,"column":8},"end":{"line":311,"column":8}},{"start":{"line":311,"column":8},"end":{"line":311,"column":8}}]},"28":{"line":314,"type":"if","locations":[{"start":{"line":314,"column":8},"end":{"line":314,"column":8}},{"start":{"line":314,"column":8},"end":{"line":314,"column":8}}]},"29":{"line":318,"type":"if","locations":[{"start":{"line":318,"column":8},"end":{"line":318,"column":8}},{"start":{"line":318,"column":8},"end":{"line":318,"column":8}}]},"30":{"line":322,"type":"if","locations":[{"start":{"line":322,"column":8},"end":{"line":322,"column":8}},{"start":{"line":322,"column":8},"end":{"line":322,"column":8}}]},"31":{"line":361,"type":"if","locations":[{"start":{"line":361,"column":23},"end":{"line":361,"column":23}},{"start":{"line":361,"column":27},"end":{"line":361,"column":27}}]},"32":{"line":366,"type":"if","locations":[{"start":{"line":366,"column":8},"end":{"line":366,"column":8}},{"start":{"line":366,"column":8},"end":{"line":366,"column":8}}]},"33":{"line":373,"type":"if","locations":[{"start":{"line":373,"column":15},"end":{"line":373,"column":15}},{"start":{"line":373,"column":15},"end":{"line":373,"column":15}}]}}},
"contracts\\SimpleAMMFactory.sol":{"l":{"37":11,"38":2,"41":9,"43":6,"44":6,"45":6,"47":6,"52":2,"57":3},"path":"C:\\Users\\adity\\Desktop\\INFO7500\\automated-market-maker\\contracts\\SimpleAMMFactory.sol","s":{"1":11,"2":6,"3":6,"4":2,"5":3},"b":{"1":[2,9]},"f":{"1":11,"2":2,"3":3},"fnMap":{"1":{"name":"createPair","line":33,"loc":{"start":{"line":33,"column":4},"end":{"line":48,"column":4}}},"2":{"name":"allPairsLength","line":51,"loc":{"start":{"line":51,"column":4},"end":{"line":53,"column":4}}},"3":{"name":"getAllPairs","line":56,"loc":{"start":{"line":56,"column":4},"end":{"line":58,"column":4}}}},"statementMap":{"1":{"start":{"line":37,"column":8},"end":{"line":37,"column":1386}},"2":{"start":{"line":45,"column":8},"end":{"line":45,"column":26}},"3":{"start":{"line":47,"column":8},"end":{"line":47,"column":67}},"4":{"start":{"line":52,"column":8},"end":{"line":52,"column":30}},"5":{"start":{"line":57,"column":8},"end":{"line":57,"column":23}}},"branchMap":{"1":{"line":37,"type":"if","locations":[{"start":{"line":37,"column":8},"end":{"line":37,"column":8}},{"start":{"line":37,"column":8},"end":{"line":37,"column":8}}]}}}}
