TN:
SF:C:\Users\adity\Desktop\INFO7500\automated-market-maker\contracts\SimpleAMM.sol
FN:95,constructor
FN:112,getReserves
FN:118,getLiquidity
FN:124,poolState
FN:153,quoteSwap
FN:175,getAmountOut
FN:193,deposit
FN:242,redeem
FN:281,swap
FN:360,_min
FN:365,_sqrt
FNF:11
FNH:11
FNDA:58,constructor
FNDA:2,getReserves
FNDA:13,getLiquidity
FNDA:2,poolState
FNDA:3,quoteSwap
FNDA:18,getAmountOut
FNDA:39,deposit
FNDA:7,redeem
FNDA:11,swap
FNDA:7,_min
FNDA:36,_sqrt
DA:96,58
DA:97,4
DA:99,54
DA:100,2
DA:103,52
DA:104,52
DA:113,2
DA:119,13
DA:138,2
DA:157,3
DA:158,3
DA:159,1
DA:162,2
DA:163,2
DA:180,18
DA:181,17
DA:183,15
DA:194,39
DA:195,3
DA:198,36
DA:199,1
DA:201,35
DA:202,1
DA:205,34
DA:208,34
DA:209,30
DA:213,4
DA:219,34
DA:220,1
DA:223,33
DA:224,33
DA:226,33
DA:227,33
DA:229,33
DA:237,33
DA:243,7
DA:244,1
DA:246,6
DA:247,1
DA:250,5
DA:251,5
DA:253,5
DA:254,5
DA:256,5
DA:257,5
DA:259,5
DA:260,1
DA:262,4
DA:263,1
DA:266,3
DA:274,3
DA:286,11
DA:287,1
DA:289,10
DA:290,1
DA:293,9
DA:294,9
DA:295,9
DA:296,1
DA:299,8
DA:300,8
DA:302,8
DA:303,8
DA:305,8
DA:306,1
DA:309,7
DA:311,7
DA:312,1
DA:314,6
DA:315,1
DA:318,5
DA:319,1
DA:322,4
DA:323,3
DA:324,3
DA:326,3
DA:337,1
DA:338,1
DA:340,1
DA:352,4
DA:361,7
DA:366,36
DA:367,29
DA:368,29
DA:369,29
DA:370,2091
DA:371,2091
DA:374,6
LF:88
LH:88
BRDA:96,1,0,4
BRDA:96,1,1,54
BRDA:96,2,0,2
BRDA:96,2,1,2
BRDA:99,3,0,2
BRDA:99,3,1,52
BRDA:158,4,0,1
BRDA:158,4,1,2
BRDA:162,5,0,1
BRDA:162,5,1,1
BRDA:180,6,0,1
BRDA:180,6,1,17
BRDA:181,7,0,2
BRDA:181,7,1,15
BRDA:181,8,0,1
BRDA:181,8,1,1
BRDA:194,9,0,3
BRDA:194,9,1,36
BRDA:194,10,0,2
BRDA:194,10,1,1
BRDA:198,11,0,1
BRDA:198,11,1,35
BRDA:201,12,0,1
BRDA:201,12,1,34
BRDA:208,13,0,30
BRDA:208,13,1,4
BRDA:219,14,0,1
BRDA:219,14,1,33
BRDA:243,15,0,1
BRDA:243,15,1,6
BRDA:246,16,0,1
BRDA:246,16,1,5
BRDA:259,17,0,1
BRDA:259,17,1,4
BRDA:262,18,0,1
BRDA:262,18,1,3
BRDA:286,19,0,1
BRDA:286,19,1,10
BRDA:289,20,0,1
BRDA:289,20,1,9
BRDA:295,21,0,1
BRDA:295,21,1,8
BRDA:299,22,0,7
BRDA:299,22,1,1
BRDA:300,23,0,7
BRDA:300,23,1,1
BRDA:302,24,0,7
BRDA:302,24,1,1
BRDA:303,25,0,7
BRDA:303,25,1,1
BRDA:305,26,0,1
BRDA:305,26,1,7
BRDA:311,27,0,1
BRDA:311,27,1,6
BRDA:314,28,0,1
BRDA:314,28,1,5
BRDA:318,29,0,1
BRDA:318,29,1,4
BRDA:322,30,0,3
BRDA:322,30,1,1
BRDA:361,31,0,3
BRDA:361,31,1,4
BRDA:366,32,0,29
BRDA:366,32,1,7
BRDA:373,33,0,6
BRDA:373,33,1,1
BRF:66
BRH:66
end_of_record
TN:
SF:C:\Users\adity\Desktop\INFO7500\automated-market-maker\contracts\SimpleAMMFactory.sol
FN:33,createPair
FN:51,allPairsLength
FN:56,getAllPairs
FNF:3
FNH:3
FNDA:11,createPair
FNDA:2,allPairsLength
FNDA:3,getAllPairs
DA:37,11
DA:38,2
DA:41,9
DA:43,6
DA:44,6
DA:45,6
DA:47,6
DA:52,2
DA:57,3
LF:9
LH:9
BRDA:37,1,0,2
BRDA:37,1,1,9
BRF:2
BRH:2
end_of_record
