TN:
SF:C:\Users\adity\Desktop\INFO7500\automated-market-maker\contracts\SimpleAMM.sol
FN:81,constructor
FN:98,getReserves
FN:104,getLiquidity
FN:113,getAmountOut
FN:131,deposit
FN:172,redeem
FN:203,swap
FN:266,_min
FN:271,_sqrt
FNF:9
FNH:9
FNDA:46,constructor
FNDA:2,getReserves
FNDA:12,getLiquidity
FNDA:13,getAmountOut
FNDA:34,deposit
FNDA:7,redeem
FNDA:10,swap
FNDA:7,_min
FNDA:31,_sqrt
DA:82,46
DA:83,2
DA:85,44
DA:86,1
DA:89,43
DA:90,43
DA:99,2
DA:105,12
DA:118,13
DA:119,12
DA:121,10
DA:132,34
DA:133,3
DA:136,31
DA:137,1
DA:139,30
DA:140,1
DA:143,29
DA:146,29
DA:147,25
DA:151,4
DA:157,29
DA:158,1
DA:161,28
DA:162,28
DA:164,28
DA:165,28
DA:167,28
DA:173,7
DA:174,1
DA:176,6
DA:177,1
DA:180,5
DA:181,5
DA:183,5
DA:184,5
DA:186,5
DA:187,5
DA:189,5
DA:190,1
DA:192,4
DA:193,1
DA:196,3
DA:208,10
DA:209,1
DA:211,9
DA:212,1
DA:215,8
DA:216,8
DA:217,8
DA:218,1
DA:221,7
DA:222,7
DA:224,7
DA:225,7
DA:227,7
DA:228,1
DA:231,6
DA:233,6
DA:234,1
DA:236,5
DA:237,1
DA:240,4
DA:241,1
DA:244,3
DA:245,2
DA:246,2
DA:248,1
DA:249,1
DA:252,3
DA:267,7
DA:272,31
DA:273,24
DA:274,24
DA:275,24
DA:276,1716
DA:277,1716
DA:280,6
LF:78
LH:78
BRDA:82,1,0,2
BRDA:82,1,1,44
BRDA:82,2,0,1
BRDA:82,2,1,1
BRDA:85,3,0,1
BRDA:85,3,1,43
BRDA:118,4,0,1
BRDA:118,4,1,12
BRDA:119,5,0,2
BRDA:119,5,1,10
BRDA:119,6,0,1
BRDA:119,6,1,1
BRDA:132,7,0,3
BRDA:132,7,1,31
BRDA:132,8,0,2
BRDA:132,8,1,1
BRDA:136,9,0,1
BRDA:136,9,1,30
BRDA:139,10,0,1
BRDA:139,10,1,29
BRDA:146,11,0,25
BRDA:146,11,1,4
BRDA:157,12,0,1
BRDA:157,12,1,28
BRDA:173,13,0,1
BRDA:173,13,1,6
BRDA:176,14,0,1
BRDA:176,14,1,5
BRDA:189,15,0,1
BRDA:189,15,1,4
BRDA:192,16,0,1
BRDA:192,16,1,3
BRDA:208,17,0,1
BRDA:208,17,1,9
BRDA:211,18,0,1
BRDA:211,18,1,8
BRDA:217,19,0,1
BRDA:217,19,1,7
BRDA:221,20,0,6
BRDA:221,20,1,1
BRDA:222,21,0,6
BRDA:222,21,1,1
BRDA:224,22,0,6
BRDA:224,22,1,1
BRDA:225,23,0,6
BRDA:225,23,1,1
BRDA:227,24,0,1
BRDA:227,24,1,6
BRDA:233,25,0,1
BRDA:233,25,1,5
BRDA:236,26,0,1
BRDA:236,26,1,4
BRDA:240,27,0,1
BRDA:240,27,1,3
BRDA:244,28,0,2
BRDA:244,28,1,1
BRDA:267,29,0,3
BRDA:267,29,1,4
BRDA:272,30,0,24
BRDA:272,30,1,7
BRDA:279,31,0,6
BRDA:279,31,1,1
BRF:62
BRH:62
end_of_record
